[03:01:00] bMotion: autosaving facts...
[03:30:00] bMotion: running level 4 self-diagnostic
[04:00:00] Writing user file...
[04:00:00] Writing channel file...
[04:01:00] bMotion: autosaving facts...
[04:30:00] bMotion: running level 4 self-diagnostic
[05:00:00] Writing user file...
[05:00:00] Writing channel file...
[05:01:00] bMotion: autosaving facts...
[05:30:00] bMotion: running level 4 self-diagnostic
[06:00:00] Writing user file...
[06:00:00] Writing channel file...
[06:01:00] bMotion: autosaving facts...
[06:30:00] bMotion: running level 4 self-diagnostic
[06:32:56] Telnet connection: mail.picdown.me/33232
[06:32:56] Timeout/EOF ident connection
[06:33:00] bMotion: really quite tired today... think I'll stay in bed a bit longer
[06:33:00] bMotion: going to oversleep by 86 minutes
[07:00:00] Writing user file...
[07:00:00] Writing channel file...
[07:01:00] bMotion: autosaving facts...
[07:30:00] bMotion: running level 4 self-diagnostic
[08:00:00] Writing user file...
[08:00:00] Writing channel file...
[08:01:00] bMotion: autosaving facts...
[08:30:00] bMotion: running level 4 self-diagnostic
[09:00:00] Writing user file...
[09:00:00] Writing channel file...
[09:01:00] bMotion: autosaving facts...
[09:30:00] bMotion: running level 4 self-diagnostic
[10:00:00] Writing user file...
[10:00:00] Writing channel file...
[10:01:00] bMotion: autosaving facts...
[10:30:00] bMotion: running level 4 self-diagnostic
[11:00:00] Writing user file...
[11:00:00] Writing channel file...
[11:01:00] bMotion: autosaving facts...
[11:30:00] bMotion: running level 4 self-diagnostic
[12:00:00] Writing user file...
[12:00:00] Writing channel file...
[12:01:00] bMotion: autosaving facts...
[12:30:00] bMotion: running level 4 self-diagnostic
[13:00:00] Writing user file...
[13:00:00] Writing channel file...
[13:01:00] bMotion: autosaving facts...
[13:06:37] Telnet connection: 185.93.185.235/34155
[13:06:38] Timeout/EOF ident connection
[13:06:38] Lost telnet connection to telnet@185.93.185.235/34155
[13:30:00] bMotion: running level 4 self-diagnostic
[14:00:00] Writing user file...
[14:00:00] Writing channel file...
[14:01:00] bMotion: autosaving facts...
[14:30:00] bMotion: running level 4 self-diagnostic
[15:00:00] Writing user file...
[15:00:00] Writing channel file...
[15:01:00] bMotion: autosaving facts...
[15:30:00] bMotion: running level 4 self-diagnostic
[16:00:00] Writing user file...
[16:00:00] Writing channel file...
[16:01:00] bMotion: autosaving facts...
[16:30:00] bMotion: running level 4 self-diagnostic
[17:00:00] Writing user file...
[17:00:00] Writing channel file...
[17:01:00] bMotion: autosaving facts...
[17:30:00] bMotion: running level 4 self-diagnostic
[18:00:00] Writing user file...
[18:00:00] Writing channel file...
[18:01:01] bMotion: autosaving facts...
[18:30:00] bMotion: running level 4 self-diagnostic
[19:00:00] Writing user file...
[19:00:00] Writing channel file...
[19:01:00] bMotion: autosaving facts...
[19:30:00] bMotion: running level 4 self-diagnostic
[20:00:00] Writing user file...
[20:00:00] Writing channel file...
[20:01:00] bMotion: autosaving facts...
[20:30:00] bMotion: running level 4 self-diagnostic
[21:00:01] Writing user file...
[21:00:01] Writing channel file...
[21:01:00] bMotion: autosaving facts...
[21:30:00] bMotion: running level 4 self-diagnostic
[22:00:00] Writing user file...
[22:00:00] Writing channel file...
[22:01:00] bMotion: autosaving facts...
[22:30:00] bMotion: running level 4 self-diagnostic
