[03:01:00] bMotion: autosaving facts...
[03:30:00] bMotion: running level 4 self-diagnostic
[04:00:00] Writing user file...
[04:00:00] Writing channel file...
[04:01:00] bMotion: autosaving facts...
[04:30:00] bMotion: running level 4 self-diagnostic
[05:00:00] Writing user file...
[05:00:00] Writing channel file...
[05:01:00] bMotion: autosaving facts...
[05:30:00] bMotion: running level 4 self-diagnostic
[06:00:00] Writing user file...
[06:00:00] Writing channel file...
[06:01:00] bMotion: autosaving facts...
[06:30:00] bMotion: running level 4 self-diagnostic
[06:33:00] bMotion: woke up!
[07:00:00] Writing user file...
[07:00:00] Writing channel file...
[07:01:00] bMotion: autosaving facts...
[07:30:00] bMotion: running level 4 self-diagnostic
[08:00:00] Writing user file...
[08:00:00] Writing channel file...
[08:01:00] bMotion: autosaving facts...
[08:30:00] bMotion: running level 4 self-diagnostic
[09:00:00] Writing user file...
[09:00:00] Writing channel file...
[09:01:00] bMotion: autosaving facts...
[09:30:00] bMotion: running level 4 self-diagnostic
[10:00:00] Writing user file...
[10:00:00] Writing channel file...
[10:01:00] bMotion: autosaving facts...
[10:30:00] bMotion: running level 4 self-diagnostic
[11:00:00] Writing user file...
[11:00:00] Writing channel file...
[11:01:00] bMotion: autosaving facts...
[11:30:00] bMotion: running level 4 self-diagnostic
[12:00:00] Writing user file...
[12:00:00] Writing channel file...
[12:01:00] bMotion: autosaving facts...
[12:30:00] bMotion: running level 4 self-diagnostic
