This file contains any messages produced by compilers while
running configure, to aid debugging if configure makes a mistake.

It was created by Eggdrop DNS Module configure 1.6.21, which was
generated by GNU Autoconf 2.68.  Invocation command line was

  $ .././dns.mod/configure --disable-option-checking --with-tcllib=/usr/lib/x86_64-linux-gnu/libtcl.so --with-tclinc=/usr/include/tcl8.6/tcl.h --prefix=/home/eggdrop/usr/eggdrop/ --cache-file=../../../config.cache --srcdir=../../../src/mod/dns.mod

## --------- ##
## Platform. ##
## --------- ##

hostname = hubot
uname -m = x86_64
uname -r = 3.13.0-57-generic
uname -s = Linux
uname -v = #95-Ubuntu SMP Fri Jun 19 09:28:15 UTC 2015

/usr/bin/uname -p = unknown
/bin/uname -X     = unknown

/bin/arch              = unknown
/usr/bin/arch -k       = unknown
/usr/convex/getsysinfo = unknown
/usr/bin/hostinfo      = unknown
/bin/machine           = unknown
/usr/bin/oslevel       = unknown
/bin/universe          = unknown

PATH: /usr/local/sbin
PATH: /usr/local/bin
PATH: /usr/sbin
PATH: /usr/bin
PATH: /sbin
PATH: /bin
PATH: /usr/games
PATH: /usr/local/games


## ----------- ##
## Core tests. ##
## ----------- ##

configure:1716: loading cache ../../../config.cache
configure:1882: checking for gcc
configure:1909: result: gcc
configure:2138: checking for C compiler version
configure:2147: gcc --version >&5
gcc (Ubuntu 4.8.4-2ubuntu1~14.04) 4.8.4
Copyright (C) 2013 Free Software Foundation, Inc.
This is free software; see the source for copying conditions.  There is NO
warranty; not even for MERCHANTABILITY or FITNESS FOR A PARTICULAR PURPOSE.

configure:2158: $? = 0
configure:2147: gcc -v >&5
Using built-in specs.
COLLECT_GCC=gcc
COLLECT_LTO_WRAPPER=/usr/lib/gcc/x86_64-linux-gnu/4.8/lto-wrapper
Target: x86_64-linux-gnu
Configured with: ../src/configure -v --with-pkgversion='Ubuntu 4.8.4-2ubuntu1~14.04' --with-bugurl=file:///usr/share/doc/gcc-4.8/README.Bugs --enable-languages=c,c++,java,go,d,fortran,objc,obj-c++ --prefix=/usr --program-suffix=-4.8 --enable-shared --enable-linker-build-id --libexecdir=/usr/lib --without-included-gettext --enable-threads=posix --with-gxx-include-dir=/usr/include/c++/4.8 --libdir=/usr/lib --enable-nls --with-sysroot=/ --enable-clocale=gnu --enable-libstdcxx-debug --enable-libstdcxx-time=yes --enable-gnu-unique-object --disable-libmudflap --enable-plugin --with-system-zlib --disable-browser-plugin --enable-java-awt=gtk --enable-gtk-cairo --with-java-home=/usr/lib/jvm/java-1.5.0-gcj-4.8-amd64/jre --enable-java-home --with-jvm-root-dir=/usr/lib/jvm/java-1.5.0-gcj-4.8-amd64 --with-jvm-jar-dir=/usr/lib/jvm-exports/java-1.5.0-gcj-4.8-amd64 --with-arch-directory=amd64 --with-ecj-jar=/usr/share/java/eclipse-ecj.jar --enable-objc-gc --enable-multiarch --disable-werror --with-arch-32=i686 --with-abi=m64 --with-multilib-list=m32,m64,mx32 --with-tune=generic --enable-checking=release --build=x86_64-linux-gnu --host=x86_64-linux-gnu --target=x86_64-linux-gnu
Thread model: posix
gcc version 4.8.4 (Ubuntu 4.8.4-2ubuntu1~14.04) 
configure:2158: $? = 0
configure:2147: gcc -V >&5
gcc: error: unrecognized command line option '-V'
gcc: fatal error: no input files
compilation terminated.
configure:2158: $? = 4
configure:2147: gcc -qversion >&5
gcc: error: unrecognized command line option '-qversion'
gcc: fatal error: no input files
compilation terminated.
configure:2158: $? = 4
configure:2178: checking whether the C compiler works
configure:2200: gcc    conftest.c  >&5
configure:2204: $? = 0
configure:2252: result: yes
configure:2255: checking for C compiler default output file name
configure:2257: result: a.out
configure:2263: checking for suffix of executables
configure:2270: gcc -o conftest    conftest.c  >&5
configure:2274: $? = 0
configure:2296: result: 
configure:2318: checking whether we are cross compiling
configure:2326: gcc -o conftest    conftest.c  >&5
configure:2330: $? = 0
configure:2337: ./conftest
configure:2341: $? = 0
configure:2356: result: no
configure:2361: checking for suffix of object files
configure:2408: result: o
configure:2412: checking whether we are using the GNU C compiler
configure:2440: result: yes
configure:2449: checking whether gcc accepts -g
configure:2510: result: yes
configure:2527: checking for gcc option to accept ISO C89
configure:2604: result: none needed
configure:2628: checking for sys/types.h
configure:2628: result: yes
configure:2628: checking for netinet/in.h
configure:2628: result: yes
configure:2628: checking for arpa/nameser.h
configure:2628: result: yes
configure:2628: checking for netdb.h
configure:2628: result: yes
configure:2628: checking for resolv.h
configure:2628: result: yes
configure:2686: gcc -o conftest -g -O2   conftest.c  >&5
/tmp/cc192ABw.o: In function `main':
/home/eggdrop/eggdrop/src/mod/dns.mod/conftest.c:34: undefined reference to `__res_mkquery'
collect2: error: ld returned 1 exit status
configure:2686: $? = 1
configure: failed program was:
| /* confdefs.h */
| #define PACKAGE_NAME "Eggdrop DNS Module"
| #define PACKAGE_TARNAME "eggdrop-dns-module"
| #define PACKAGE_VERSION "1.6.21"
| #define PACKAGE_STRING "Eggdrop DNS Module 1.6.21"
| #define PACKAGE_BUGREPORT "bugs@eggheads.org"
| #define PACKAGE_URL ""
| #define HAVE_SYS_TYPES_H 1
| #define HAVE_NETINET_IN_H 1
| #define HAVE_ARPA_NAMESER_H 1
| #define HAVE_NETDB_H 1
| #define HAVE_RESOLV_H 1
| /* end confdefs.h.  */
| 
|       #ifdef HAVE_SYS_TYPES_H
|       #  include <sys/types.h>
|       #endif
|       #ifdef HAVE_NETINET_IN_H
|       #  include <netinet/in.h>   /* inet_ functions / structs */
|       #endif
|       #ifdef HAVE_ARPA_NAMESER_H
|       #  include <arpa/nameser.h> /* DNS HEADER struct */
|       #endif
|       #ifdef HAVE_NETDB_H
|       #  include <netdb.h>
|       #endif
|       #include <resolv.h>
| 
| int
| main ()
| {
| 
|       res_init();
|       res_mkquery(0, NULL, 0, 0, NULL, 0, NULL, NULL, 0);
|       ;
|       return 0;
| 
|   ;
|   return 0;
| }
| 
configure:2686: gcc -o conftest -g -O2   conftest.c -lresolv >&5
configure:2686: $? = 0
configure:2697: checking for a working resolver library
configure:2700: result: yes (-lresolv)
configure:2892: creating ./config.status

## ---------------------- ##
## Running config.status. ##
## ---------------------- ##

This file was extended by Eggdrop DNS Module config.status 1.6.21, which was
generated by GNU Autoconf 2.68.  Invocation command line was

  CONFIG_FILES    = 
  CONFIG_HEADERS  = 
  CONFIG_LINKS    = 
  CONFIG_COMMANDS = 
  $ ./config.status 

on hubot

config.status:734: creating Makefile

## ---------------- ##
## Cache variables. ##
## ---------------- ##

ac_cv_c_compiler_gnu=yes
ac_cv_env_CC_set=
ac_cv_env_CC_value=
ac_cv_env_CFLAGS_set=
ac_cv_env_CFLAGS_value=
ac_cv_env_CPPFLAGS_set=
ac_cv_env_CPPFLAGS_value=
ac_cv_env_CPP_set=
ac_cv_env_CPP_value=
ac_cv_env_LDFLAGS_set=
ac_cv_env_LDFLAGS_value=
ac_cv_env_LIBS_set=
ac_cv_env_LIBS_value=
ac_cv_env_build_alias_set=
ac_cv_env_build_alias_value=
ac_cv_env_host_alias_set=
ac_cv_env_host_alias_value=
ac_cv_env_target_alias_set=
ac_cv_env_target_alias_value=
ac_cv_header_arpa_nameser_h=yes
ac_cv_header_inttypes_h=yes
ac_cv_header_memory_h=yes
ac_cv_header_netdb_h=yes
ac_cv_header_netinet_in_h=yes
ac_cv_header_resolv_h=yes
ac_cv_header_stdc=yes
ac_cv_header_stdint_h=yes
ac_cv_header_stdlib_h=yes
ac_cv_header_string_h=yes
ac_cv_header_strings_h=yes
ac_cv_header_sys_stat_h=yes
ac_cv_header_sys_types_h=yes
ac_cv_header_unistd_h=yes
ac_cv_header_zlib_h=yes
ac_cv_lib_z_gzopen=yes
ac_cv_objext=o
ac_cv_path_EGREP='/bin/grep -E'
ac_cv_path_GREP=/bin/grep
ac_cv_prog_CPP='gcc -E'
ac_cv_prog_ac_ct_CC=gcc
ac_cv_prog_cc_c89=
ac_cv_prog_cc_g=yes

## ----------------- ##
## Output variables. ##
## ----------------- ##

CC='gcc'
CFLAGS='-g -O2'
CPPFLAGS=''
DEFS='-DPACKAGE_NAME=\"Eggdrop\ DNS\ Module\" -DPACKAGE_TARNAME=\"eggdrop-dns-module\" -DPACKAGE_VERSION=\"1.6.21\" -DPACKAGE_STRING=\"Eggdrop\ DNS\ Module\ 1.6.21\" -DPACKAGE_BUGREPORT=\"bugs@eggheads.org\" -DPACKAGE_URL=\"\" -DHAVE_SYS_TYPES_H=1 -DHAVE_NETINET_IN_H=1 -DHAVE_ARPA_NAMESER_H=1 -DHAVE_NETDB_H=1 -DHAVE_RESOLV_H=1'
ECHO_C=''
ECHO_N='-n'
ECHO_T=''
EXEEXT=''
LDFLAGS=''
LIBOBJS=''
LIBS='-lresolv'
LTLIBOBJS=''
OBJEXT='o'
PACKAGE_BUGREPORT='bugs@eggheads.org'
PACKAGE_NAME='Eggdrop DNS Module'
PACKAGE_STRING='Eggdrop DNS Module 1.6.21'
PACKAGE_TARNAME='eggdrop-dns-module'
PACKAGE_URL=''
PACKAGE_VERSION='1.6.21'
PATH_SEPARATOR=':'
RESINCLUDE=''
RESLIB='-lresolv'
SHELL='/bin/bash'
ac_ct_CC='gcc'
bindir='${exec_prefix}/bin'
build_alias=''
datadir='${datarootdir}'
datarootdir='${prefix}/share'
docdir='${datarootdir}/doc/${PACKAGE_TARNAME}'
dvidir='${docdir}'
exec_prefix='${prefix}'
host_alias=''
htmldir='${docdir}'
includedir='${prefix}/include'
infodir='${datarootdir}/info'
libdir='${exec_prefix}/lib'
libexecdir='${exec_prefix}/libexec'
localedir='${datarootdir}/locale'
localstatedir='${prefix}/var'
mandir='${datarootdir}/man'
oldincludedir='/usr/include'
pdfdir='${docdir}'
prefix='/home/eggdrop/usr/eggdrop'
program_transform_name='s,x,x,'
psdir='${docdir}'
sbindir='${exec_prefix}/sbin'
sharedstatedir='${prefix}/com'
sysconfdir='${prefix}/etc'
target_alias=''

## ----------- ##
## confdefs.h. ##
## ----------- ##

/* confdefs.h */
#define PACKAGE_NAME "Eggdrop DNS Module"
#define PACKAGE_TARNAME "eggdrop-dns-module"
#define PACKAGE_VERSION "1.6.21"
#define PACKAGE_STRING "Eggdrop DNS Module 1.6.21"
#define PACKAGE_BUGREPORT "bugs@eggheads.org"
#define PACKAGE_URL ""
#define HAVE_SYS_TYPES_H 1
#define HAVE_NETINET_IN_H 1
#define HAVE_ARPA_NAMESER_H 1
#define HAVE_NETDB_H 1
#define HAVE_RESOLV_H 1

configure: exit 0
