This file contains any messages produced by compilers while
running configure, to aid debugging if configure makes a mistake.

It was created by Eggdrop Compress Module configure 1.6.21, which was
generated by GNU Autoconf 2.68.  Invocation command line was

  $ .././compress.mod/configure --disable-option-checking --with-tcllib=/usr/lib/x86_64-linux-gnu/libtcl.so --with-tclinc=/usr/include/tcl8.6/tcl.h --prefix=/home/eggdrop/usr/eggdrop/ --cache-file=../../../config.cache --srcdir=../../../src/mod/compress.mod

## --------- ##
## Platform. ##
## --------- ##

hostname = hubot
uname -m = x86_64
uname -r = 3.13.0-57-generic
uname -s = Linux
uname -v = #95-Ubuntu SMP Fri Jun 19 09:28:15 UTC 2015

/usr/bin/uname -p = unknown
/bin/uname -X     = unknown

/bin/arch              = unknown
/usr/bin/arch -k       = unknown
/usr/convex/getsysinfo = unknown
/usr/bin/hostinfo      = unknown
/bin/machine           = unknown
/usr/bin/oslevel       = unknown
/bin/universe          = unknown

PATH: /usr/local/sbin
PATH: /usr/local/bin
PATH: /usr/sbin
PATH: /usr/bin
PATH: /sbin
PATH: /bin
PATH: /usr/games
PATH: /usr/local/games


## ----------- ##
## Core tests. ##
## ----------- ##

configure:1927: loading cache ../../../config.cache
configure:2092: checking for gcc
configure:2119: result: gcc
configure:2348: checking for C compiler version
configure:2357: gcc --version >&5
gcc (Ubuntu 4.8.4-2ubuntu1~14.04) 4.8.4
Copyright (C) 2013 Free Software Foundation, Inc.
This is free software; see the source for copying conditions.  There is NO
warranty; not even for MERCHANTABILITY or FITNESS FOR A PARTICULAR PURPOSE.

configure:2368: $? = 0
configure:2357: gcc -v >&5
Using built-in specs.
COLLECT_GCC=gcc
COLLECT_LTO_WRAPPER=/usr/lib/gcc/x86_64-linux-gnu/4.8/lto-wrapper
Target: x86_64-linux-gnu
Configured with: ../src/configure -v --with-pkgversion='Ubuntu 4.8.4-2ubuntu1~14.04' --with-bugurl=file:///usr/share/doc/gcc-4.8/README.Bugs --enable-languages=c,c++,java,go,d,fortran,objc,obj-c++ --prefix=/usr --program-suffix=-4.8 --enable-shared --enable-linker-build-id --libexecdir=/usr/lib --without-included-gettext --enable-threads=posix --with-gxx-include-dir=/usr/include/c++/4.8 --libdir=/usr/lib --enable-nls --with-sysroot=/ --enable-clocale=gnu --enable-libstdcxx-debug --enable-libstdcxx-time=yes --enable-gnu-unique-object --disable-libmudflap --enable-plugin --with-system-zlib --disable-browser-plugin --enable-java-awt=gtk --enable-gtk-cairo --with-java-home=/usr/lib/jvm/java-1.5.0-gcj-4.8-amd64/jre --enable-java-home --with-jvm-root-dir=/usr/lib/jvm/java-1.5.0-gcj-4.8-amd64 --with-jvm-jar-dir=/usr/lib/jvm-exports/java-1.5.0-gcj-4.8-amd64 --with-arch-directory=amd64 --with-ecj-jar=/usr/share/java/eclipse-ecj.jar --enable-objc-gc --enable-multiarch --disable-werror --with-arch-32=i686 --with-abi=m64 --with-multilib-list=m32,m64,mx32 --with-tune=generic --enable-checking=release --build=x86_64-linux-gnu --host=x86_64-linux-gnu --target=x86_64-linux-gnu
Thread model: posix
gcc version 4.8.4 (Ubuntu 4.8.4-2ubuntu1~14.04) 
configure:2368: $? = 0
configure:2357: gcc -V >&5
gcc: error: unrecognized command line option '-V'
gcc: fatal error: no input files
compilation terminated.
configure:2368: $? = 4
configure:2357: gcc -qversion >&5
gcc: error: unrecognized command line option '-qversion'
gcc: fatal error: no input files
compilation terminated.
configure:2368: $? = 4
configure:2388: checking whether the C compiler works
configure:2410: gcc    conftest.c  >&5
configure:2414: $? = 0
configure:2462: result: yes
configure:2465: checking for C compiler default output file name
configure:2467: result: a.out
configure:2473: checking for suffix of executables
configure:2480: gcc -o conftest    conftest.c  >&5
configure:2484: $? = 0
configure:2506: result: 
configure:2528: checking whether we are cross compiling
configure:2536: gcc -o conftest    conftest.c  >&5
configure:2540: $? = 0
configure:2547: ./conftest
configure:2551: $? = 0
configure:2566: result: no
configure:2571: checking for suffix of object files
configure:2618: result: o
configure:2622: checking whether we are using the GNU C compiler
configure:2650: result: yes
configure:2659: checking whether gcc accepts -g
configure:2720: result: yes
configure:2737: checking for gcc option to accept ISO C89
configure:2814: result: none needed
configure:2835: checking for gzopen in -lz
configure:2869: result: yes
configure:2880: checking how to run the C preprocessor
configure:2950: result: gcc -E
configure:2970: gcc -E  conftest.c
configure:2970: $? = 0
configure:2984: gcc -E  conftest.c
conftest.c:9:28: fatal error: ac_nonexistent.h: No such file or directory
 #include <ac_nonexistent.h>
                            ^
compilation terminated.
configure:2984: $? = 1
configure: failed program was:
| /* confdefs.h */
| #define PACKAGE_NAME "Eggdrop Compress Module"
| #define PACKAGE_TARNAME "eggdrop-compress-module"
| #define PACKAGE_VERSION "1.6.21"
| #define PACKAGE_STRING "Eggdrop Compress Module 1.6.21"
| #define PACKAGE_BUGREPORT "bugs@eggheads.org"
| #define PACKAGE_URL ""
| /* end confdefs.h.  */
| #include <ac_nonexistent.h>
configure:3013: checking for grep that handles long lines and -e
configure:3071: result: /bin/grep
configure:3076: checking for egrep
configure:3138: result: /bin/grep -E
configure:3143: checking for ANSI C header files
configure:3247: result: yes
configure:3260: checking for sys/types.h
configure:3260: result: yes
configure:3260: checking for sys/stat.h
configure:3260: result: yes
configure:3260: checking for stdlib.h
configure:3260: result: yes
configure:3260: checking for string.h
configure:3260: result: yes
configure:3260: checking for memory.h
configure:3260: result: yes
configure:3260: checking for strings.h
configure:3260: result: yes
configure:3260: checking for inttypes.h
configure:3260: result: yes
configure:3260: checking for stdint.h
configure:3260: result: yes
configure:3260: checking for unistd.h
configure:3260: result: yes
configure:3272: checking for zlib.h
configure:3272: result: yes
configure:3460: creating ./config.status

## ---------------------- ##
## Running config.status. ##
## ---------------------- ##

This file was extended by Eggdrop Compress Module config.status 1.6.21, which was
generated by GNU Autoconf 2.68.  Invocation command line was

  CONFIG_FILES    = 
  CONFIG_HEADERS  = 
  CONFIG_LINKS    = 
  CONFIG_COMMANDS = 
  $ ./config.status 

on hubot

config.status:736: creating Makefile

## ---------------- ##
## Cache variables. ##
## ---------------- ##

ac_cv_c_compiler_gnu=yes
ac_cv_env_CC_set=
ac_cv_env_CC_value=
ac_cv_env_CFLAGS_set=
ac_cv_env_CFLAGS_value=
ac_cv_env_CPPFLAGS_set=
ac_cv_env_CPPFLAGS_value=
ac_cv_env_CPP_set=
ac_cv_env_CPP_value=
ac_cv_env_LDFLAGS_set=
ac_cv_env_LDFLAGS_value=
ac_cv_env_LIBS_set=
ac_cv_env_LIBS_value=
ac_cv_env_build_alias_set=
ac_cv_env_build_alias_value=
ac_cv_env_host_alias_set=
ac_cv_env_host_alias_value=
ac_cv_env_target_alias_set=
ac_cv_env_target_alias_value=
ac_cv_header_arpa_nameser_h=yes
ac_cv_header_inttypes_h=yes
ac_cv_header_memory_h=yes
ac_cv_header_netdb_h=yes
ac_cv_header_netinet_in_h=yes
ac_cv_header_resolv_h=yes
ac_cv_header_stdc=yes
ac_cv_header_stdint_h=yes
ac_cv_header_stdlib_h=yes
ac_cv_header_string_h=yes
ac_cv_header_strings_h=yes
ac_cv_header_sys_stat_h=yes
ac_cv_header_sys_types_h=yes
ac_cv_header_unistd_h=yes
ac_cv_header_zlib_h=yes
ac_cv_lib_z_gzopen=yes
ac_cv_objext=o
ac_cv_path_EGREP='/bin/grep -E'
ac_cv_path_GREP=/bin/grep
ac_cv_prog_CPP='gcc -E'
ac_cv_prog_ac_ct_CC=gcc
ac_cv_prog_cc_c89=
ac_cv_prog_cc_g=yes

## ----------------- ##
## Output variables. ##
## ----------------- ##

CC='gcc'
CFLAGS='-g -O2'
CPP='gcc -E'
CPPFLAGS=''
DEFS='-DPACKAGE_NAME=\"Eggdrop\ Compress\ Module\" -DPACKAGE_TARNAME=\"eggdrop-compress-module\" -DPACKAGE_VERSION=\"1.6.21\" -DPACKAGE_STRING=\"Eggdrop\ Compress\ Module\ 1.6.21\" -DPACKAGE_BUGREPORT=\"bugs@eggheads.org\" -DPACKAGE_URL=\"\" -DSTDC_HEADERS=1 -DHAVE_SYS_TYPES_H=1 -DHAVE_SYS_STAT_H=1 -DHAVE_STDLIB_H=1 -DHAVE_STRING_H=1 -DHAVE_MEMORY_H=1 -DHAVE_STRINGS_H=1 -DHAVE_INTTYPES_H=1 -DHAVE_STDINT_H=1 -DHAVE_UNISTD_H=1'
ECHO_C=''
ECHO_N='-n'
ECHO_T=''
EGREP='/bin/grep -E'
EXEEXT=''
GREP='/bin/grep'
LDFLAGS=''
LIBOBJS=''
LIBS=''
LTLIBOBJS=''
OBJEXT='o'
PACKAGE_BUGREPORT='bugs@eggheads.org'
PACKAGE_NAME='Eggdrop Compress Module'
PACKAGE_STRING='Eggdrop Compress Module 1.6.21'
PACKAGE_TARNAME='eggdrop-compress-module'
PACKAGE_URL=''
PACKAGE_VERSION='1.6.21'
PATH_SEPARATOR=':'
SHELL='/bin/bash'
ZLIB='-lz'
ac_ct_CC='gcc'
bindir='${exec_prefix}/bin'
build_alias=''
datadir='${datarootdir}'
datarootdir='${prefix}/share'
docdir='${datarootdir}/doc/${PACKAGE_TARNAME}'
dvidir='${docdir}'
exec_prefix='${prefix}'
host_alias=''
htmldir='${docdir}'
includedir='${prefix}/include'
infodir='${datarootdir}/info'
libdir='${exec_prefix}/lib'
libexecdir='${exec_prefix}/libexec'
localedir='${datarootdir}/locale'
localstatedir='${prefix}/var'
mandir='${datarootdir}/man'
oldincludedir='/usr/include'
pdfdir='${docdir}'
prefix='/home/eggdrop/usr/eggdrop'
program_transform_name='s,x,x,'
psdir='${docdir}'
sbindir='${exec_prefix}/sbin'
sharedstatedir='${prefix}/com'
sysconfdir='${prefix}/etc'
target_alias=''

## ----------- ##
## confdefs.h. ##
## ----------- ##

/* confdefs.h */
#define PACKAGE_NAME "Eggdrop Compress Module"
#define PACKAGE_TARNAME "eggdrop-compress-module"
#define PACKAGE_VERSION "1.6.21"
#define PACKAGE_STRING "Eggdrop Compress Module 1.6.21"
#define PACKAGE_BUGREPORT "bugs@eggheads.org"
#define PACKAGE_URL ""
#define STDC_HEADERS 1
#define HAVE_SYS_TYPES_H 1
#define HAVE_SYS_STAT_H 1
#define HAVE_STDLIB_H 1
#define HAVE_STRING_H 1
#define HAVE_MEMORY_H 1
#define HAVE_STRINGS_H 1
#define HAVE_INTTYPES_H 1
#define HAVE_STDINT_H 1
#define HAVE_UNISTD_H 1

configure: exit 0
